#
# There is insufficient memory for the Java Runtime Environment to continue.
# Native memory allocation (mmap) failed to map 266338304 bytes. Error detail: G1 virtual space
# Possible reasons:
#   The system is out of physical RAM or swap space
#   This process is running with CompressedOops enabled, and the Java Heap may be blocking the growth of the native heap
# Possible solutions:
#   Reduce memory load on the system
#   Increase physical memory or swap space
#   Check if swap backing store is full
#   Decrease Java heap size (-Xmx/-Xms)
#   Decrease number of Java threads
#   Decrease Java thread stack sizes (-Xss)
#   Set larger code cache with -XX:ReservedCodeCacheSize=
#   JVM is running with Zero Based Compressed Oops mode in which the Java heap is
#     placed in the first 32GB address space. The Java Heap base address is the
#     maximum limit for the native heap growth. Please use -XX:HeapBaseMinAddress
#     to set the Java Heap base and to place the Java Heap above 32GB virtual address.
# This output file may be truncated or incomplete.
#
#  Out of Memory Error (os_windows.cpp:3690), pid=22096, tid=8284
#
# JRE version:  (17.0.18+8) (build )
# Java VM: OpenJDK 64-Bit Server VM (17.0.18+8-LTS, mixed mode, sharing, tiered, compressed oops, compressed class ptrs, g1 gc, windows-amd64)
# No core dump will be written. Minidumps are not enabled by default on client versions of Windows
#

---------------  S U M M A R Y ------------

Command Line: -Dnet.bytebuddy.agent.attacher.dump= net.bytebuddy.agent.Attacher com.sun.tools.attach.VirtualMachine 13584 C:\Users\paulo\.m2\repository\net\bytebuddy\byte-buddy-agent\1.17.8\byte-buddy-agent-1.17.8.jar false 

Host: Intel(R) Core(TM) i5-10400 CPU @ 2.90GHz, 12 cores, 15G,  Windows 11 , 64 bit Build 26100 (10.0.26100.7920)
Time: Tue Apr  7 14:19:47 2026 Hora oficial do Brasil elapsed time: 2.070292 seconds (0d 0h 0m 2s)

---------------  T H R E A D  ---------------

Current thread (0x00000266c4d072d0):  JavaThread "Unknown thread" [_thread_in_vm, id=8284, stack(0x0000007525300000,0x0000007525400000)]

Stack: [0x0000007525300000,0x0000007525400000]
Native frames: (J=compiled Java code, j=interpreted, Vv=VM code, C=native code)
V  [jvm.dll+0x68c879]  (no source info available)
V  [jvm.dll+0x845979]  (no source info available)
V  [jvm.dll+0x8476e8]  (no source info available)
V  [jvm.dll+0x847d73]  (no source info available)
V  [jvm.dll+0x24cf6f]  (no source info available)
V  [jvm.dll+0x68bc79]  (no source info available)
V  [jvm.dll+0x68023a]  (no source info available)
V  [jvm.dll+0x3101a0]  (no source info available)
V  [jvm.dll+0x310042]  (no source info available)
V  [jvm.dll+0x317599]  (no source info available)
V  [jvm.dll+0x369999]  (no source info available)
V  [jvm.dll+0x369bcd]  (no source info available)
V  [jvm.dll+0x2e69aa]  (no source info available)
V  [jvm.dll+0x2e78b8]  (no source info available)
V  [jvm.dll+0x81871e]  (no source info available)
V  [jvm.dll+0x377601]  (no source info available)
V  [jvm.dll+0x7f6d65]  (no source info available)
V  [jvm.dll+0x3fd47b]  (no source info available)
V  [jvm.dll+0x3ff0b1]  (no source info available)
C  [jli.dll+0x52f0]  (no source info available)
C  [ucrtbase.dll+0x37b0]  (no source info available)
C  [KERNEL32.DLL+0x2e8d7]  (no source info available)
C  [ntdll.dll+0x8c48c]  (no source info available)


---------------  P R O C E S S  ---------------

Threads class SMR info:
_java_thread_list=0x00007ffa41e16058, length=0, elements={
}

Java Threads: ( => current thread )

Other Threads:
  0x00000266c4d72c80 GCTaskThread "GC Thread#0" [stack: 0x0000007525400000,0x0000007525500000] [id=15488]
  0x00000266c4d837f0 ConcurrentGCThread "G1 Main Marker" [stack: 0x0000007525500000,0x0000007525600000] [id=21704]
  0x00000266c4d84210 ConcurrentGCThread "G1 Conc#0" [stack: 0x0000007525600000,0x0000007525700000] [id=6856]

[error occurred during error reporting (printing all threads), id 0xc0000005, EXCEPTION_ACCESS_VIOLATION (0xc0000005) at pc=0x00007ffa415c74e7]

VM state: not at safepoint (not fully initialized)

VM Mutex/Monitor currently owned by a thread:  ([mutex/lock_event])
[0x00000266c4d023e0] Heap_lock - owner thread: 0x00000266c4d072d0

Heap address: 0x0000000703e00000, size: 4034 MB, Compressed Oops mode: Zero based, Oop shift amount: 3

CDS archive(s) mapped at: [0x0000000000000000-0x0000000000000000-0x0000000000000000), size 0, SharedBaseAddress: 0x0000000800000000, ArchiveRelocationMode: 1.
Narrow klass base: 0x0000000000000000, Narrow klass shift: 0, Narrow klass range: 0x0

GC Precious Log:
<Empty>

Heap:
 garbage-first heap   total 0K, used 0K [0x0000000703e00000, 0x0000000800000000)
  region size 2048K, 0 young (0K), 0 survivors (0K)

[error occurred during error reporting (printing heap information), id 0xc0000005, EXCEPTION_ACCESS_VIOLATION (0xc0000005) at pc=0x00007ffa419b8929]

GC Heap History (0 events):
No events

Dll operation events (1 events):
Event: 0.006 Loaded shared library C:\Users\paulo\.jdks\ms-17.0.18\bin\java.dll

Deoptimization events (0 events):
No events

Classes loaded (0 events):
No events

Classes unloaded (0 events):
No events

Classes redefined (0 events):
No events

Internal exceptions (0 events):
No events

VM Operations (0 events):
No events

Memory protections (0 events):
No events

Nmethod flushes (0 events):
No events

Events (0 events):
No events


Dynamic libraries:
0x00007ff742ff0000 - 0x00007ff742ffe000 	C:\Users\paulo\.jdks\ms-17.0.18\bin\java.exe
0x00007ffafae00000 - 0x00007ffafb067000 	C:\WINDOWS\SYSTEM32\ntdll.dll
0x00007ffaf9990000 - 0x00007ffaf9a59000 	C:\WINDOWS\System32\KERNEL32.DLL
0x00007ffaf86f0000 - 0x00007ffaf8ae1000 	C:\WINDOWS\System32\KERNELBASE.dll
0x00007ffaf8180000 - 0x00007ffaf82cb000 	C:\WINDOWS\System32\ucrtbase.dll
0x00007ffa8fc30000 - 0x00007ffa8fc48000 	C:\Users\paulo\.jdks\ms-17.0.18\bin\jli.dll
0x00007ffa952b0000 - 0x00007ffa952ce000 	C:\Users\paulo\.jdks\ms-17.0.18\bin\VCRUNTIME140.dll
0x00007ffaf8bd0000 - 0x00007ffaf8d95000 	C:\WINDOWS\System32\USER32.dll
0x00007ffaf8490000 - 0x00007ffaf84b7000 	C:\WINDOWS\System32\win32u.dll
0x00007ffae6790000 - 0x00007ffae6a23000 	C:\WINDOWS\WinSxS\amd64_microsoft.windows.common-controls_6595b64144ccf1df_6.0.26100.8037_none_3e092faae333b53b\COMCTL32.dll
0x00007ffafa290000 - 0x00007ffafa2bb000 	C:\WINDOWS\System32\GDI32.dll
0x00007ffafaab0000 - 0x00007ffafab59000 	C:\WINDOWS\System32\msvcrt.dll
0x00007ffaf82d0000 - 0x00007ffaf83fb000 	C:\WINDOWS\System32\gdi32full.dll
0x00007ffaf8af0000 - 0x00007ffaf8b93000 	C:\WINDOWS\System32\msvcp_win.dll
0x00007ffafa340000 - 0x00007ffafa371000 	C:\WINDOWS\System32\IMM32.DLL
0x00007ffac1500000 - 0x00007ffac150c000 	C:\Users\paulo\.jdks\ms-17.0.18\bin\vcruntime140_1.dll
0x00007ffa8fba0000 - 0x00007ffa8fc29000 	C:\Users\paulo\.jdks\ms-17.0.18\bin\msvcp140.dll
0x00007ffa412d0000 - 0x00007ffa41f4a000 	C:\Users\paulo\.jdks\ms-17.0.18\bin\server\jvm.dll
0x00007ffaf9b00000 - 0x00007ffaf9bbb000 	C:\WINDOWS\System32\ADVAPI32.dll
0x00007ffafaa00000 - 0x00007ffafaaa7000 	C:\WINDOWS\System32\sechost.dll
0x00007ffafa520000 - 0x00007ffafa638000 	C:\WINDOWS\System32\RPCRT4.dll
0x00007ffafa2c0000 - 0x00007ffafa334000 	C:\WINDOWS\System32\WS2_32.dll
0x00007ffaf7540000 - 0x00007ffaf759e000 	C:\WINDOWS\SYSTEM32\POWRPROF.dll
0x00007ffae6ea0000 - 0x00007ffae6ed5000 	C:\WINDOWS\SYSTEM32\WINMM.dll
0x00007ffaefd80000 - 0x00007ffaefd8b000 	C:\WINDOWS\SYSTEM32\VERSION.dll
0x00007ffaf7520000 - 0x00007ffaf7534000 	C:\WINDOWS\SYSTEM32\UMPDC.dll
0x00007ffaf6450000 - 0x00007ffaf646b000 	C:\WINDOWS\SYSTEM32\kernel.appcore.dll
0x00007ffac14c0000 - 0x00007ffac14ca000 	C:\Users\paulo\.jdks\ms-17.0.18\bin\jimage.dll
0x00007ffae6410000 - 0x00007ffae6652000 	C:\WINDOWS\SYSTEM32\DBGHELP.DLL
0x00007ffafa670000 - 0x00007ffafa9f2000 	C:\WINDOWS\System32\combase.dll
0x00007ffaf9bc0000 - 0x00007ffaf9c97000 	C:\WINDOWS\System32\OLEAUT32.dll
0x00007ffad0680000 - 0x00007ffad06bb000 	C:\WINDOWS\SYSTEM32\dbgcore.DLL
0x00007ffaf7f50000 - 0x00007ffaf7ff5000 	C:\WINDOWS\System32\bcryptPrimitives.dll
0x00007ffa8fb70000 - 0x00007ffa8fb96000 	C:\Users\paulo\.jdks\ms-17.0.18\bin\java.dll

dbghelp: loaded successfully - version: 4.0.5 - missing functions: none
symbol engine: initialized successfully - sym options: 0x614 - pdb path: .;C:\Users\paulo\.jdks\ms-17.0.18\bin;C:\WINDOWS\SYSTEM32;C:\WINDOWS\WinSxS\amd64_microsoft.windows.common-controls_6595b64144ccf1df_6.0.26100.8037_none_3e092faae333b53b;C:\Users\paulo\.jdks\ms-17.0.18\bin\server

VM Arguments:
jvm_args: -Dnet.bytebuddy.agent.attacher.dump= 
java_command: net.bytebuddy.agent.Attacher com.sun.tools.attach.VirtualMachine 13584 C:\Users\paulo\.m2\repository\net\bytebuddy\byte-buddy-agent\1.17.8\byte-buddy-agent-1.17.8.jar false 
java_class_path (initial): C:\Users\paulo\.m2\repository\net\bytebuddy\byte-buddy-agent\1.17.8\byte-buddy-agent-1.17.8.jar
Launcher Type: SUN_STANDARD

[Global flags]
     intx CICompilerCount                          = 4                                         {product} {ergonomic}
     uint ConcGCThreads                            = 3                                         {product} {ergonomic}
     uint G1ConcRefinementThreads                  = 10                                        {product} {ergonomic}
   size_t G1HeapRegionSize                         = 2097152                                   {product} {ergonomic}
    uintx GCDrainStackTargetSize                   = 64                                        {product} {ergonomic}
   size_t InitialHeapSize                          = 266338304                                 {product} {ergonomic}
   size_t MarkStackSize                            = 4194304                                   {product} {ergonomic}
   size_t MaxHeapSize                              = 4229955584                                {product} {ergonomic}
   size_t MinHeapDeltaBytes                        = 2097152                                   {product} {ergonomic}
   size_t MinHeapSize                              = 8388608                                   {product} {ergonomic}
    uintx NonNMethodCodeHeapSize                   = 5839372                                {pd product} {ergonomic}
    uintx NonProfiledCodeHeapSize                  = 122909434                              {pd product} {ergonomic}
    uintx ProfiledCodeHeapSize                     = 122909434                              {pd product} {ergonomic}
    uintx ReservedCodeCacheSize                    = 251658240                              {pd product} {ergonomic}
     bool SegmentedCodeCache                       = true                                      {product} {ergonomic}
   size_t SoftMaxHeapSize                          = 4229955584                             {manageable} {ergonomic}
     bool UseCompressedClassPointers               = true                           {product lp64_product} {ergonomic}
     bool UseCompressedOops                        = true                           {product lp64_product} {ergonomic}
     bool UseG1GC                                  = true                                      {product} {ergonomic}
     bool UseLargePagesIndividualAllocation        = false                                  {pd product} {ergonomic}

Logging:
Log output configuration:
 #0: stdout all=warning uptime,level,tags
 #1: stderr all=off uptime,level,tags

Environment Variables:
JAVA_HOME=C:\Program Files\Eclipse Adoptium\jdk-17.0.18.8-hotspot\
PATH=C:\Program Files\Eclipse Adoptium\jdk-17.0.18.8-hotspot\bin;C:\Program Files\Microsoft\jdk-11.0.16.101-hotspot\bin;C:\Python311\Scripts\;C:\Python311\;C:\Program Files (x86)\Common Files\Oracle\Java\javapath;C:\Windows\system32;C:\Windows;C:\Windows\System32\Wbem;C:\Windows\System32\WindowsPowerShell\v1.0\;C:\Windows\System32\OpenSSH\;C:\Program Files\Microsoft SQL Server\130\Tools\Binn\;C:\Program Files\Microsoft SQL Server\Client SDK\ODBC\170\Tools\Binn\;C:\Program Files\Git\cmd;C:\Program Files (x86)\Microsoft SQL Server\150\DTS\Binn\;C:\Program Files\Azure Data Studio\bin;C:\Program Files\dotnet\;C:\ProgramData\chocolatey\bin;C:\Program Files\PuTTY\;C:\Program Files\Microsoft SQL Server\150\Tools\Binn\;c:\Users\paulo\AppData\Local\Programs\cursor\resources\app\bin;C:\Program Files\nodejs\;C:\Program Files\Amazon\AWSCLIV2\;C:\Program Files\Docker\Docker\resources\bin;C:\WINDOWS\system32;C:\WINDOWS;C:\WINDOWS\System32\Wbem;C:\WINDOWS\System32\WindowsPowerShell\v1.0\;C:\WINDOWS\System32\OpenSSH\;C:\Users\paulo\AppData\Local\Microsoft\WindowsApps;C:\Program Files\Azure Data Studio\bin;C:\Users\paulo\AppData\Local\Programs\Microsoft VS Code\bin;C:\Users\paulo\AppData\Local\Programs\Hyper\resources\bin;C:\Users\paulo\.dotnet\tools;C:\Users\paulo\AppData\Local\Programs\cursor\resources\app\bin;C:\Program Files\Tesseract-OCR\;C:\Users\paulo\AppData\Roaming\npm;C:\Program Files\JetBrains\IntelliJ IDEA 2026.1\bin
USERNAME=paulo
OS=Windows_NT
PROCESSOR_IDENTIFIER=Intel64 Family 6 Model 165 Stepping 3, GenuineIntel
TMP=C:\Users\paulo\AppData\Local\Temp
TEMP=C:\Users\paulo\AppData\Local\Temp



Periodic native trim disabled


---------------  S Y S T E M  ---------------

OS:
 Windows 11 , 64 bit Build 26100 (10.0.26100.7920)
OS uptime: 0 days 6:18 hours
Hyper-V role detected

CPU: total 12 (initial active 12) (6 cores per cpu, 2 threads per core) family 6 model 165 stepping 3 microcode 0xea, cx8, cmov, fxsr, ht, mmx, 3dnowpref, sse, sse2, sse3, ssse3, sse4.1, sse4.2, popcnt, lzcnt, tsc, tscinvbit, avx, avx2, aes, erms, clmul, bmi1, bmi2, adx, fma, vzeroupper, clflush, clflushopt, hv
Processor Information for the first 12 processors :
  Max Mhz: 2901, Current Mhz: 2901, Mhz Limit: 2901

Memory: 4k page, system-wide physical 16131M (1686M free)
TotalPageFile size 30440M (AvailPageFile size 63M)
current process WorkingSet (physical memory assigned to process): 12M, peak: 12M
current process commit charge ("private bytes"): 64M, peak: 318M

vm_info: OpenJDK 64-Bit Server VM (17.0.18+8-LTS) for windows-amd64 JRE (17.0.18+8-LTS), built on Jan 15 2026 18:50:45 by "MicrosoftCorporation" with MS VC++ 17.14 (VS2022)

END.
